<?xml version="1.0" encoding="UTF-8"?>
<testsuite xmlns:xsi="http://www.w3.org/2001/XMLSchema-instance" xsi:noNamespaceSchemaLocation="https://maven.apache.org/surefire/maven-surefire-plugin/xsd/surefire-test-report-3.0.xsd" version="3.0" name="io.crnk.spring.app.CrnkCoreAutoConfigurationTest" time="1.123" tests="1" errors="0" skipped="0" failures="0">
  <properties>
    <property name="java.specification.version" value="17"/>
    <property name="sun.cpu.isalist" value="amd64"/>
    <property name="sun.jnu.encoding" value="Cp1252"/>
    <property name="java.class.path" value="D:\repositorioCCyL_OS\crnk-framework\crnk-setup\crnk-setup-spring-boot2\target\test-classes;D:\repositorioCCyL_OS\crnk-framework\crnk-setup\crnk-setup-spring-boot2\target\classes;d:\data\maven\io\crnk\crnk-home\4.0\crnk-home-4.0.jar;d:\data\maven\io\crnk\crnk-core\4.0\crnk-core-4.0.jar;d:\data\maven\com\fasterxml\jackson\core\jackson-core\2.15.3\jackson-core-2.15.3.jar;d:\data\maven\io\crnk\crnk-security\4.0\crnk-security-4.0.jar;d:\data\maven\io\crnk\crnk-client\4.0\crnk-client-4.0.jar;d:\data\maven\io\crnk\crnk-setup-rs\4.0\crnk-setup-rs-4.0.jar;d:\data\maven\org\apache\httpcomponents\httpclient\4.5.14\httpclient-4.5.14.jar;d:\data\maven\org\apache\httpcomponents\httpcore\4.4.16\httpcore-4.4.16.jar;d:\data\maven\commons-logging\commons-logging\1.2\commons-logging-1.2.jar;d:\data\maven\commons-codec\commons-codec\1.11\commons-codec-1.11.jar;d:\data\maven\org\glassfish\jersey\ext\jersey-proxy-client\3.1.3\jersey-proxy-client-3.1.3.jar;d:\data\maven\org\glassfish\jersey\core\jersey-common\3.1.3\jersey-common-3.1.3.jar;d:\data\maven\org\slf4j\jul-to-slf4j\2.0.9\jul-to-slf4j-2.0.9.jar;d:\data\maven\io\crnk\crnk-validation\4.0\crnk-validation-4.0.jar;d:\data\maven\io\crnk\crnk-meta\4.0\crnk-meta-4.0.jar;d:\data\maven\io\crnk\crnk-data-jpa\4.0\crnk-data-jpa-4.0.jar;d:\data\maven\com\google\guava\guava\32.1.3-jre\guava-32.1.3-jre.jar;d:\data\maven\com\google\guava\failureaccess\1.0.1\failureaccess-1.0.1.jar;d:\data\maven\com\google\guava\listenablefuture\9999.0-empty-to-avoid-conflict-with-guava\listenablefuture-9999.0-empty-to-avoid-conflict-with-guava.jar;d:\data\maven\com\google\code\findbugs\jsr305\3.0.2\jsr305-3.0.2.jar;d:\data\maven\org\checkerframework\checker-qual\3.37.0\checker-qual-3.37.0.jar;d:\data\maven\com\google\errorprone\error_prone_annotations\2.21.1\error_prone_annotations-2.21.1.jar;d:\data\maven\com\google\j2objc\j2objc-annotations\2.8\j2objc-annotations-2.8.jar;d:\data\maven\jakarta\annotation\jakarta.annotation-api\2.1.1\jakarta.annotation-api-2.1.1.jar;d:\data\maven\jakarta\transaction\jakarta.transaction-api\2.0.1\jakarta.transaction-api-2.0.1.jar;d:\data\maven\net\jodah\typetools\0.6.3\typetools-0.6.3.jar;d:\data\maven\com\querydsl\querydsl-jpa\5.0.0\querydsl-jpa-5.0.0-jakarta.jar;d:\data\maven\com\querydsl\querydsl-core\5.0.0\querydsl-core-5.0.0.jar;d:\data\maven\com\mysema\commons\mysema-commons-lang\0.2.4\mysema-commons-lang-0.2.4.jar;d:\data\maven\io\crnk\crnk-data-facet\4.0\crnk-data-facet-4.0.jar;d:\data\maven\io\crnk\crnk-format-plain-json\4.0\crnk-format-plain-json-4.0.jar;d:\data\maven\io\crnk\crnk-setup-servlet\4.0\crnk-setup-servlet-4.0.jar;d:\data\maven\jakarta\servlet\jakarta.servlet-api\6.0.0\jakarta.servlet-api-6.0.0.jar;d:\data\maven\io\crnk\crnk-setup-spring\4.0\crnk-setup-spring-4.0.jar;d:\data\maven\org\springframework\spring-tx\6.0.13\spring-tx-6.0.13.jar;d:\data\maven\io\crnk\crnk-monitor-opentracing\4.0\crnk-monitor-opentracing-4.0.jar;d:\data\maven\io\crnk\crnk-operations\4.0\crnk-operations-4.0.jar;d:\data\maven\jakarta\ws\rs\jakarta.ws.rs-api\3.1.0\jakarta.ws.rs-api-3.1.0.jar;d:\data\maven\jakarta\xml\bind\jakarta.xml.bind-api\4.0.1\jakarta.xml.bind-api-4.0.1.jar;d:\data\maven\jakarta\activation\jakarta.activation-api\2.1.2\jakarta.activation-api-2.1.2.jar;d:\data\maven\io\crnk\crnk-ui\4.0\crnk-ui-4.0.jar;d:\data\maven\io\crnk\crnk-test\4.0\crnk-test-4.0.jar;d:\data\maven\io\crnk\crnk-reactive\4.0\crnk-reactive-4.0.jar;d:\data\maven\org\glassfish\jersey\test-framework\jersey-test-framework-core\3.1.3\jersey-test-framework-core-3.1.3.jar;d:\data\maven\org\glassfish\jersey\core\jersey-server\3.1.3\jersey-server-3.1.3.jar;d:\data\maven\org\glassfish\jersey\core\jersey-client\3.1.3\jersey-client-3.1.3.jar;d:\data\maven\org\glassfish\jersey\media\jersey-media-jaxb\3.1.3\jersey-media-jaxb-3.1.3.jar;d:\data\maven\org\glassfish\hk2\osgi-resource-locator\1.0.3\osgi-resource-locator-1.0.3.jar;d:\data\maven\org\glassfish\jersey\containers\jersey-container-servlet-core\3.1.3\jersey-container-servlet-core-3.1.3.jar;d:\data\maven\io\projectreactor\reactor-core\3.5.11\reactor-core-3.5.11.jar;d:\data\maven\io\projectreactor\addons\reactor-adapter\3.5.1\reactor-adapter-3.5.1.jar;d:\data\maven\org\reactivestreams\reactive-streams\1.0.4\reactive-streams-1.0.4.jar;d:\data\maven\com\squareup\okhttp3\okhttp\4.12.0\okhttp-4.12.0.jar;d:\data\maven\com\squareup\okio\okio\3.6.0\okio-3.6.0.jar;d:\data\maven\com\squareup\okio\okio-jvm\3.6.0\okio-jvm-3.6.0.jar;d:\data\maven\org\jetbrains\kotlin\kotlin-stdlib-common\1.9.10\kotlin-stdlib-common-1.9.10.jar;d:\data\maven\org\jetbrains\kotlin\kotlin-stdlib-jdk8\1.8.21\kotlin-stdlib-jdk8-1.8.21.jar;d:\data\maven\org\jetbrains\kotlin\kotlin-stdlib\1.8.21\kotlin-stdlib-1.8.21.jar;d:\data\maven\org\jetbrains\annotations\13.0\annotations-13.0.jar;d:\data\maven\org\jetbrains\kotlin\kotlin-stdlib-jdk7\1.8.21\kotlin-stdlib-jdk7-1.8.21.jar;d:\data\maven\org\mockito\mockito-core\1.10.19\mockito-core-1.10.19.jar;d:\data\maven\org\objenesis\objenesis\2.1\objenesis-2.1.jar;d:\data\maven\org\apache\tomcat\tomcat-catalina\10.1.15\tomcat-catalina-10.1.15.jar;d:\data\maven\org\apache\tomcat\tomcat-servlet-api\10.1.15\tomcat-servlet-api-10.1.15.jar;d:\data\maven\org\apache\tomcat\tomcat-jsp-api\10.1.15\tomcat-jsp-api-10.1.15.jar;d:\data\maven\org\apache\tomcat\tomcat-el-api\10.1.15\tomcat-el-api-10.1.15.jar;d:\data\maven\org\apache\tomcat\tomcat-juli\10.1.15\tomcat-juli-10.1.15.jar;d:\data\maven\org\apache\tomcat\tomcat-annotations-api\10.1.15\tomcat-annotations-api-10.1.15.jar;d:\data\maven\org\apache\tomcat\tomcat-api\10.1.15\tomcat-api-10.1.15.jar;d:\data\maven\org\apache\tomcat\tomcat-jni\10.1.15\tomcat-jni-10.1.15.jar;d:\data\maven\org\apache\tomcat\tomcat-coyote\10.1.15\tomcat-coyote-10.1.15.jar;d:\data\maven\org\apache\tomcat\tomcat-util\10.1.15\tomcat-util-10.1.15.jar;d:\data\maven\org\apache\tomcat\tomcat-util-scan\10.1.15\tomcat-util-scan-10.1.15.jar;d:\data\maven\org\apache\tomcat\tomcat-jaspic-api\10.1.15\tomcat-jaspic-api-10.1.15.jar;d:\data\maven\org\hibernate\orm\hibernate-core\6.3.1.Final\hibernate-core-6.3.1.Final.jar;d:\data\maven\org\jboss\logging\jboss-logging\3.5.0.Final\jboss-logging-3.5.0.Final.jar;d:\data\maven\org\hibernate\common\hibernate-commons-annotations\6.0.6.Final\hibernate-commons-annotations-6.0.6.Final.jar;d:\data\maven\io\smallrye\jandex\3.1.2\jandex-3.1.2.jar;d:\data\maven\com\fasterxml\classmate\1.5.1\classmate-1.5.1.jar;d:\data\maven\net\bytebuddy\byte-buddy\1.14.7\byte-buddy-1.14.7.jar;d:\data\maven\org\glassfish\jaxb\jaxb-runtime\4.0.4\jaxb-runtime-4.0.4.jar;d:\data\maven\org\glassfish\jaxb\jaxb-core\4.0.4\jaxb-core-4.0.4.jar;d:\data\maven\org\eclipse\angus\angus-activation\2.0.1\angus-activation-2.0.1.jar;d:\data\maven\org\glassfish\jaxb\txw2\4.0.4\txw2-4.0.4.jar;d:\data\maven\com\sun\istack\istack-commons-runtime\4.1.2\istack-commons-runtime-4.1.2.jar;d:\data\maven\jakarta\inject\jakarta.inject-api\2.0.1\jakarta.inject-api-2.0.1.jar;d:\data\maven\org\antlr\antlr4-runtime\4.10.1\antlr4-runtime-4.10.1.jar;d:\data\maven\io\micrometer\micrometer-core\1.11.5\micrometer-core-1.11.5.jar;d:\data\maven\io\micrometer\micrometer-commons\1.11.5\micrometer-commons-1.11.5.jar;d:\data\maven\io\micrometer\micrometer-observation\1.11.5\micrometer-observation-1.11.5.jar;d:\data\maven\org\hdrhistogram\HdrHistogram\2.1.12\HdrHistogram-2.1.12.jar;d:\data\maven\org\latencyutils\LatencyUtils\2.0.3\LatencyUtils-2.0.3.jar;d:\data\maven\io\opentracing\opentracing-api\0.33.0\opentracing-api-0.33.0.jar;d:\data\maven\com\fasterxml\jackson\core\jackson-annotations\2.15.3\jackson-annotations-2.15.3.jar;d:\data\maven\com\fasterxml\jackson\core\jackson-databind\2.15.3\jackson-databind-2.15.3.jar;d:\data\maven\jakarta\persistence\jakarta.persistence-api\3.1.0\jakarta.persistence-api-3.1.0.jar;d:\data\maven\jakarta\validation\jakarta.validation-api\3.0.2\jakarta.validation-api-3.0.2.jar;d:\data\maven\com\h2database\h2\2.2.224\h2-2.2.224.jar;d:\data\maven\org\springframework\spring-beans\6.0.13\spring-beans-6.0.13.jar;d:\data\maven\org\springframework\spring-core\6.0.13\spring-core-6.0.13.jar;d:\data\maven\org\springframework\spring-jcl\6.0.13\spring-jcl-6.0.13.jar;d:\data\maven\org\springframework\spring-context\6.0.13\spring-context-6.0.13.jar;d:\data\maven\org\springframework\spring-aop\6.0.13\spring-aop-6.0.13.jar;d:\data\maven\org\springframework\spring-expression\6.0.13\spring-expression-6.0.13.jar;d:\data\maven\org\springframework\spring-web\6.0.13\spring-web-6.0.13.jar;d:\data\maven\org\springframework\spring-webmvc\6.0.13\spring-webmvc-6.0.13.jar;d:\data\maven\org\springframework\security\spring-security-core\6.1.5\spring-security-core-6.1.5.jar;d:\data\maven\org\springframework\security\spring-security-crypto\6.1.5\spring-security-crypto-6.1.5.jar;d:\data\maven\org\springframework\boot\spring-boot\3.1.5\spring-boot-3.1.5.jar;d:\data\maven\org\springframework\boot\spring-boot-autoconfigure\3.1.5\spring-boot-autoconfigure-3.1.5.jar;d:\data\maven\org\springframework\boot\spring-boot-actuator\3.1.5\spring-boot-actuator-3.1.5.jar;d:\data\maven\org\springframework\boot\spring-boot-actuator-autoconfigure\3.1.5\spring-boot-actuator-autoconfigure-3.1.5.jar;d:\data\maven\com\fasterxml\jackson\datatype\jackson-datatype-jsr310\2.15.3\jackson-datatype-jsr310-2.15.3.jar;d:\data\maven\org\springframework\boot\spring-boot-starter\3.1.5\spring-boot-starter-3.1.5.jar;d:\data\maven\org\springframework\boot\spring-boot-starter-logging\3.1.5\spring-boot-starter-logging-3.1.5.jar;d:\data\maven\ch\qos\logback\logback-classic\1.4.11\logback-classic-1.4.11.jar;d:\data\maven\ch\qos\logback\logback-core\1.4.11\logback-core-1.4.11.jar;d:\data\maven\org\apache\logging\log4j\log4j-to-slf4j\2.20.0\log4j-to-slf4j-2.20.0.jar;d:\data\maven\org\apache\logging\log4j\log4j-api\2.20.0\log4j-api-2.20.0.jar;d:\data\maven\org\yaml\snakeyaml\1.33\snakeyaml-1.33.jar;d:\data\maven\org\springframework\boot\spring-boot-starter-data-jpa\3.1.5\spring-boot-starter-data-jpa-3.1.5.jar;d:\data\maven\org\springframework\boot\spring-boot-starter-aop\3.1.5\spring-boot-starter-aop-3.1.5.jar;d:\data\maven\org\aspectj\aspectjweaver\1.9.20\aspectjweaver-1.9.20.jar;d:\data\maven\org\springframework\data\spring-data-jpa\3.1.5\spring-data-jpa-3.1.5.jar;d:\data\maven\org\springframework\data\spring-data-commons\3.1.5\spring-data-commons-3.1.5.jar;d:\data\maven\org\springframework\spring-orm\6.0.13\spring-orm-6.0.13.jar;d:\data\maven\org\springframework\spring-aspects\6.0.13\spring-aspects-6.0.13.jar;d:\data\maven\org\springframework\boot\spring-boot-starter-jdbc\3.1.5\spring-boot-starter-jdbc-3.1.5.jar;d:\data\maven\com\zaxxer\HikariCP\4.0.3\HikariCP-4.0.3.jar;d:\data\maven\org\springframework\spring-jdbc\6.0.13\spring-jdbc-6.0.13.jar;d:\data\maven\org\springframework\boot\spring-boot-starter-tomcat\3.1.5\spring-boot-starter-tomcat-3.1.5.jar;d:\data\maven\org\apache\tomcat\embed\tomcat-embed-core\10.1.15\tomcat-embed-core-10.1.15.jar;d:\data\maven\org\apache\tomcat\embed\tomcat-embed-el\10.1.15\tomcat-embed-el-10.1.15.jar;d:\data\maven\org\apache\tomcat\embed\tomcat-embed-websocket\10.1.15\tomcat-embed-websocket-10.1.15.jar;d:\data\maven\org\springframework\boot\spring-boot-starter-test\3.1.5\spring-boot-starter-test-3.1.5.jar;d:\data\maven\org\springframework\boot\spring-boot-test\3.1.5\spring-boot-test-3.1.5.jar;d:\data\maven\org\springframework\boot\spring-boot-test-autoconfigure\3.1.5\spring-boot-test-autoconfigure-3.1.5.jar;d:\data\maven\com\jayway\jsonpath\json-path\2.8.0\json-path-2.8.0.jar;d:\data\maven\net\minidev\json-smart\2.4.11\json-smart-2.4.11.jar;d:\data\maven\net\minidev\accessors-smart\2.4.11\accessors-smart-2.4.11.jar;d:\data\maven\org\ow2\asm\asm\9.3\asm-9.3.jar;d:\data\maven\org\assertj\assertj-core\3.24.2\assertj-core-3.24.2.jar;d:\data\maven\org\hamcrest\hamcrest\2.2\hamcrest-2.2.jar;d:\data\maven\org\junit\jupiter\junit-jupiter\5.9.3\junit-jupiter-5.9.3.jar;d:\data\maven\org\junit\jupiter\junit-jupiter-api\5.8.2\junit-jupiter-api-5.8.2.jar;d:\data\maven\org\junit\jupiter\junit-jupiter-params\5.9.3\junit-jupiter-params-5.9.3.jar;d:\data\maven\org\junit\jupiter\junit-jupiter-engine\5.8.2\junit-jupiter-engine-5.8.2.jar;d:\data\maven\org\mockito\mockito-junit-jupiter\4.11.0\mockito-junit-jupiter-4.11.0.jar;d:\data\maven\org\skyscreamer\jsonassert\1.5.1\jsonassert-1.5.1.jar;d:\data\maven\com\vaadin\external\google\android-json\0.0.20131108.vaadin1\android-json-0.0.20131108.vaadin1.jar;d:\data\maven\org\springframework\spring-test\6.0.13\spring-test-6.0.13.jar;d:\data\maven\org\xmlunit\xmlunit-core\2.9.1\xmlunit-core-2.9.1.jar;d:\data\maven\org\slf4j\slf4j-api\2.0.9\slf4j-api-2.0.9.jar;d:\data\maven\pl\pragmatists\JUnitParams\1.1.1\JUnitParams-1.1.1.jar;d:\data\maven\junit\junit\4.13.2\junit-4.13.2.jar;d:\data\maven\org\hamcrest\hamcrest-core\1.3\hamcrest-core-1.3.jar;d:\data\maven\org\junit\vintage\junit-vintage-engine\5.8.2\junit-vintage-engine-5.8.2.jar;d:\data\maven\org\junit\platform\junit-platform-engine\1.8.2\junit-platform-engine-1.8.2.jar;d:\data\maven\org\opentest4j\opentest4j\1.2.0\opentest4j-1.2.0.jar;d:\data\maven\org\junit\platform\junit-platform-commons\1.8.2\junit-platform-commons-1.8.2.jar;d:\data\maven\org\apiguardian\apiguardian-api\1.1.2\apiguardian-api-1.1.2.jar;d:\data\maven\net\javacrumbs\json-unit\json-unit-fluent\3.2.2\json-unit-fluent-3.2.2.jar;d:\data\maven\net\javacrumbs\json-unit\json-unit-core\3.2.2\json-unit-core-3.2.2.jar;"/>
    <property name="java.vm.vendor" value="Eclipse Adoptium"/>
    <property name="sun.arch.data.model" value="64"/>
    <property name="user.variant" value=""/>
    <property name="java.vendor.url" value="https://adoptium.net/"/>
    <property name="user.timezone" value="Europe/Madrid"/>
    <property name="os.name" value="Windows 11"/>
    <property name="java.vm.specification.version" value="17"/>
    <property name="sun.java.launcher" value="SUN_STANDARD"/>
    <property name="user.country" value="ES"/>
    <property name="sun.boot.library.path" value="J:\Java\eclipse\plugins\org.eclipse.justj.openjdk.hotspot.jre.full.win32.x86_64_17.0.8.v20230831-1047\jre\bin"/>
    <property name="sun.java.command" value="C:\Users\raul\AppData\Local\Temp\surefire17423615291419757327\surefirebooter-20231106093430512_3.jar C:\Users\raul\AppData\Local\Temp\surefire17423615291419757327 2023-11-06T09-34-29_936-jvmRun1 surefire-20231106093430512_1tmp surefire_0-20231106093430512_2tmp"/>
    <property name="jdk.debug" value="release"/>
    <property name="surefire.test.class.path" value="D:\repositorioCCyL_OS\crnk-framework\crnk-setup\crnk-setup-spring-boot2\target\test-classes;D:\repositorioCCyL_OS\crnk-framework\crnk-setup\crnk-setup-spring-boot2\target\classes;d:\data\maven\io\crnk\crnk-home\4.0\crnk-home-4.0.jar;d:\data\maven\io\crnk\crnk-core\4.0\crnk-core-4.0.jar;d:\data\maven\com\fasterxml\jackson\core\jackson-core\2.15.3\jackson-core-2.15.3.jar;d:\data\maven\io\crnk\crnk-security\4.0\crnk-security-4.0.jar;d:\data\maven\io\crnk\crnk-client\4.0\crnk-client-4.0.jar;d:\data\maven\io\crnk\crnk-setup-rs\4.0\crnk-setup-rs-4.0.jar;d:\data\maven\org\apache\httpcomponents\httpclient\4.5.14\httpclient-4.5.14.jar;d:\data\maven\org\apache\httpcomponents\httpcore\4.4.16\httpcore-4.4.16.jar;d:\data\maven\commons-logging\commons-logging\1.2\commons-logging-1.2.jar;d:\data\maven\commons-codec\commons-codec\1.11\commons-codec-1.11.jar;d:\data\maven\org\glassfish\jersey\ext\jersey-proxy-client\3.1.3\jersey-proxy-client-3.1.3.jar;d:\data\maven\org\glassfish\jersey\core\jersey-common\3.1.3\jersey-common-3.1.3.jar;d:\data\maven\org\slf4j\jul-to-slf4j\2.0.9\jul-to-slf4j-2.0.9.jar;d:\data\maven\io\crnk\crnk-validation\4.0\crnk-validation-4.0.jar;d:\data\maven\io\crnk\crnk-meta\4.0\crnk-meta-4.0.jar;d:\data\maven\io\crnk\crnk-data-jpa\4.0\crnk-data-jpa-4.0.jar;d:\data\maven\com\google\guava\guava\32.1.3-jre\guava-32.1.3-jre.jar;d:\data\maven\com\google\guava\failureaccess\1.0.1\failureaccess-1.0.1.jar;d:\data\maven\com\google\guava\listenablefuture\9999.0-empty-to-avoid-conflict-with-guava\listenablefuture-9999.0-empty-to-avoid-conflict-with-guava.jar;d:\data\maven\com\google\code\findbugs\jsr305\3.0.2\jsr305-3.0.2.jar;d:\data\maven\org\checkerframework\checker-qual\3.37.0\checker-qual-3.37.0.jar;d:\data\maven\com\google\errorprone\error_prone_annotations\2.21.1\error_prone_annotations-2.21.1.jar;d:\data\maven\com\google\j2objc\j2objc-annotations\2.8\j2objc-annotations-2.8.jar;d:\data\maven\jakarta\annotation\jakarta.annotation-api\2.1.1\jakarta.annotation-api-2.1.1.jar;d:\data\maven\jakarta\transaction\jakarta.transaction-api\2.0.1\jakarta.transaction-api-2.0.1.jar;d:\data\maven\net\jodah\typetools\0.6.3\typetools-0.6.3.jar;d:\data\maven\com\querydsl\querydsl-jpa\5.0.0\querydsl-jpa-5.0.0-jakarta.jar;d:\data\maven\com\querydsl\querydsl-core\5.0.0\querydsl-core-5.0.0.jar;d:\data\maven\com\mysema\commons\mysema-commons-lang\0.2.4\mysema-commons-lang-0.2.4.jar;d:\data\maven\io\crnk\crnk-data-facet\4.0\crnk-data-facet-4.0.jar;d:\data\maven\io\crnk\crnk-format-plain-json\4.0\crnk-format-plain-json-4.0.jar;d:\data\maven\io\crnk\crnk-setup-servlet\4.0\crnk-setup-servlet-4.0.jar;d:\data\maven\jakarta\servlet\jakarta.servlet-api\6.0.0\jakarta.servlet-api-6.0.0.jar;d:\data\maven\io\crnk\crnk-setup-spring\4.0\crnk-setup-spring-4.0.jar;d:\data\maven\org\springframework\spring-tx\6.0.13\spring-tx-6.0.13.jar;d:\data\maven\io\crnk\crnk-monitor-opentracing\4.0\crnk-monitor-opentracing-4.0.jar;d:\data\maven\io\crnk\crnk-operations\4.0\crnk-operations-4.0.jar;d:\data\maven\jakarta\ws\rs\jakarta.ws.rs-api\3.1.0\jakarta.ws.rs-api-3.1.0.jar;d:\data\maven\jakarta\xml\bind\jakarta.xml.bind-api\4.0.1\jakarta.xml.bind-api-4.0.1.jar;d:\data\maven\jakarta\activation\jakarta.activation-api\2.1.2\jakarta.activation-api-2.1.2.jar;d:\data\maven\io\crnk\crnk-ui\4.0\crnk-ui-4.0.jar;d:\data\maven\io\crnk\crnk-test\4.0\crnk-test-4.0.jar;d:\data\maven\io\crnk\crnk-reactive\4.0\crnk-reactive-4.0.jar;d:\data\maven\org\glassfish\jersey\test-framework\jersey-test-framework-core\3.1.3\jersey-test-framework-core-3.1.3.jar;d:\data\maven\org\glassfish\jersey\core\jersey-server\3.1.3\jersey-server-3.1.3.jar;d:\data\maven\org\glassfish\jersey\core\jersey-client\3.1.3\jersey-client-3.1.3.jar;d:\data\maven\org\glassfish\jersey\media\jersey-media-jaxb\3.1.3\jersey-media-jaxb-3.1.3.jar;d:\data\maven\org\glassfish\hk2\osgi-resource-locator\1.0.3\osgi-resource-locator-1.0.3.jar;d:\data\maven\org\glassfish\jersey\containers\jersey-container-servlet-core\3.1.3\jersey-container-servlet-core-3.1.3.jar;d:\data\maven\io\projectreactor\reactor-core\3.5.11\reactor-core-3.5.11.jar;d:\data\maven\io\projectreactor\addons\reactor-adapter\3.5.1\reactor-adapter-3.5.1.jar;d:\data\maven\org\reactivestreams\reactive-streams\1.0.4\reactive-streams-1.0.4.jar;d:\data\maven\com\squareup\okhttp3\okhttp\4.12.0\okhttp-4.12.0.jar;d:\data\maven\com\squareup\okio\okio\3.6.0\okio-3.6.0.jar;d:\data\maven\com\squareup\okio\okio-jvm\3.6.0\okio-jvm-3.6.0.jar;d:\data\maven\org\jetbrains\kotlin\kotlin-stdlib-common\1.9.10\kotlin-stdlib-common-1.9.10.jar;d:\data\maven\org\jetbrains\kotlin\kotlin-stdlib-jdk8\1.8.21\kotlin-stdlib-jdk8-1.8.21.jar;d:\data\maven\org\jetbrains\kotlin\kotlin-stdlib\1.8.21\kotlin-stdlib-1.8.21.jar;d:\data\maven\org\jetbrains\annotations\13.0\annotations-13.0.jar;d:\data\maven\org\jetbrains\kotlin\kotlin-stdlib-jdk7\1.8.21\kotlin-stdlib-jdk7-1.8.21.jar;d:\data\maven\org\mockito\mockito-core\1.10.19\mockito-core-1.10.19.jar;d:\data\maven\org\objenesis\objenesis\2.1\objenesis-2.1.jar;d:\data\maven\org\apache\tomcat\tomcat-catalina\10.1.15\tomcat-catalina-10.1.15.jar;d:\data\maven\org\apache\tomcat\tomcat-servlet-api\10.1.15\tomcat-servlet-api-10.1.15.jar;d:\data\maven\org\apache\tomcat\tomcat-jsp-api\10.1.15\tomcat-jsp-api-10.1.15.jar;d:\data\maven\org\apache\tomcat\tomcat-el-api\10.1.15\tomcat-el-api-10.1.15.jar;d:\data\maven\org\apache\tomcat\tomcat-juli\10.1.15\tomcat-juli-10.1.15.jar;d:\data\maven\org\apache\tomcat\tomcat-annotations-api\10.1.15\tomcat-annotations-api-10.1.15.jar;d:\data\maven\org\apache\tomcat\tomcat-api\10.1.15\tomcat-api-10.1.15.jar;d:\data\maven\org\apache\tomcat\tomcat-jni\10.1.15\tomcat-jni-10.1.15.jar;d:\data\maven\org\apache\tomcat\tomcat-coyote\10.1.15\tomcat-coyote-10.1.15.jar;d:\data\maven\org\apache\tomcat\tomcat-util\10.1.15\tomcat-util-10.1.15.jar;d:\data\maven\org\apache\tomcat\tomcat-util-scan\10.1.15\tomcat-util-scan-10.1.15.jar;d:\data\maven\org\apache\tomcat\tomcat-jaspic-api\10.1.15\tomcat-jaspic-api-10.1.15.jar;d:\data\maven\org\hibernate\orm\hibernate-core\6.3.1.Final\hibernate-core-6.3.1.Final.jar;d:\data\maven\org\jboss\logging\jboss-logging\3.5.0.Final\jboss-logging-3.5.0.Final.jar;d:\data\maven\org\hibernate\common\hibernate-commons-annotations\6.0.6.Final\hibernate-commons-annotations-6.0.6.Final.jar;d:\data\maven\io\smallrye\jandex\3.1.2\jandex-3.1.2.jar;d:\data\maven\com\fasterxml\classmate\1.5.1\classmate-1.5.1.jar;d:\data\maven\net\bytebuddy\byte-buddy\1.14.7\byte-buddy-1.14.7.jar;d:\data\maven\org\glassfish\jaxb\jaxb-runtime\4.0.4\jaxb-runtime-4.0.4.jar;d:\data\maven\org\glassfish\jaxb\jaxb-core\4.0.4\jaxb-core-4.0.4.jar;d:\data\maven\org\eclipse\angus\angus-activation\2.0.1\angus-activation-2.0.1.jar;d:\data\maven\org\glassfish\jaxb\txw2\4.0.4\txw2-4.0.4.jar;d:\data\maven\com\sun\istack\istack-commons-runtime\4.1.2\istack-commons-runtime-4.1.2.jar;d:\data\maven\jakarta\inject\jakarta.inject-api\2.0.1\jakarta.inject-api-2.0.1.jar;d:\data\maven\org\antlr\antlr4-runtime\4.10.1\antlr4-runtime-4.10.1.jar;d:\data\maven\io\micrometer\micrometer-core\1.11.5\micrometer-core-1.11.5.jar;d:\data\maven\io\micrometer\micrometer-commons\1.11.5\micrometer-commons-1.11.5.jar;d:\data\maven\io\micrometer\micrometer-observation\1.11.5\micrometer-observation-1.11.5.jar;d:\data\maven\org\hdrhistogram\HdrHistogram\2.1.12\HdrHistogram-2.1.12.jar;d:\data\maven\org\latencyutils\LatencyUtils\2.0.3\LatencyUtils-2.0.3.jar;d:\data\maven\io\opentracing\opentracing-api\0.33.0\opentracing-api-0.33.0.jar;d:\data\maven\com\fasterxml\jackson\core\jackson-annotations\2.15.3\jackson-annotations-2.15.3.jar;d:\data\maven\com\fasterxml\jackson\core\jackson-databind\2.15.3\jackson-databind-2.15.3.jar;d:\data\maven\jakarta\persistence\jakarta.persistence-api\3.1.0\jakarta.persistence-api-3.1.0.jar;d:\data\maven\jakarta\validation\jakarta.validation-api\3.0.2\jakarta.validation-api-3.0.2.jar;d:\data\maven\com\h2database\h2\2.2.224\h2-2.2.224.jar;d:\data\maven\org\springframework\spring-beans\6.0.13\spring-beans-6.0.13.jar;d:\data\maven\org\springframework\spring-core\6.0.13\spring-core-6.0.13.jar;d:\data\maven\org\springframework\spring-jcl\6.0.13\spring-jcl-6.0.13.jar;d:\data\maven\org\springframework\spring-context\6.0.13\spring-context-6.0.13.jar;d:\data\maven\org\springframework\spring-aop\6.0.13\spring-aop-6.0.13.jar;d:\data\maven\org\springframework\spring-expression\6.0.13\spring-expression-6.0.13.jar;d:\data\maven\org\springframework\spring-web\6.0.13\spring-web-6.0.13.jar;d:\data\maven\org\springframework\spring-webmvc\6.0.13\spring-webmvc-6.0.13.jar;d:\data\maven\org\springframework\security\spring-security-core\6.1.5\spring-security-core-6.1.5.jar;d:\data\maven\org\springframework\security\spring-security-crypto\6.1.5\spring-security-crypto-6.1.5.jar;d:\data\maven\org\springframework\boot\spring-boot\3.1.5\spring-boot-3.1.5.jar;d:\data\maven\org\springframework\boot\spring-boot-autoconfigure\3.1.5\spring-boot-autoconfigure-3.1.5.jar;d:\data\maven\org\springframework\boot\spring-boot-actuator\3.1.5\spring-boot-actuator-3.1.5.jar;d:\data\maven\org\springframework\boot\spring-boot-actuator-autoconfigure\3.1.5\spring-boot-actuator-autoconfigure-3.1.5.jar;d:\data\maven\com\fasterxml\jackson\datatype\jackson-datatype-jsr310\2.15.3\jackson-datatype-jsr310-2.15.3.jar;d:\data\maven\org\springframework\boot\spring-boot-starter\3.1.5\spring-boot-starter-3.1.5.jar;d:\data\maven\org\springframework\boot\spring-boot-starter-logging\3.1.5\spring-boot-starter-logging-3.1.5.jar;d:\data\maven\ch\qos\logback\logback-classic\1.4.11\logback-classic-1.4.11.jar;d:\data\maven\ch\qos\logback\logback-core\1.4.11\logback-core-1.4.11.jar;d:\data\maven\org\apache\logging\log4j\log4j-to-slf4j\2.20.0\log4j-to-slf4j-2.20.0.jar;d:\data\maven\org\apache\logging\log4j\log4j-api\2.20.0\log4j-api-2.20.0.jar;d:\data\maven\org\yaml\snakeyaml\1.33\snakeyaml-1.33.jar;d:\data\maven\org\springframework\boot\spring-boot-starter-data-jpa\3.1.5\spring-boot-starter-data-jpa-3.1.5.jar;d:\data\maven\org\springframework\boot\spring-boot-starter-aop\3.1.5\spring-boot-starter-aop-3.1.5.jar;d:\data\maven\org\aspectj\aspectjweaver\1.9.20\aspectjweaver-1.9.20.jar;d:\data\maven\org\springframework\data\spring-data-jpa\3.1.5\spring-data-jpa-3.1.5.jar;d:\data\maven\org\springframework\data\spring-data-commons\3.1.5\spring-data-commons-3.1.5.jar;d:\data\maven\org\springframework\spring-orm\6.0.13\spring-orm-6.0.13.jar;d:\data\maven\org\springframework\spring-aspects\6.0.13\spring-aspects-6.0.13.jar;d:\data\maven\org\springframework\boot\spring-boot-starter-jdbc\3.1.5\spring-boot-starter-jdbc-3.1.5.jar;d:\data\maven\com\zaxxer\HikariCP\4.0.3\HikariCP-4.0.3.jar;d:\data\maven\org\springframework\spring-jdbc\6.0.13\spring-jdbc-6.0.13.jar;d:\data\maven\org\springframework\boot\spring-boot-starter-tomcat\3.1.5\spring-boot-starter-tomcat-3.1.5.jar;d:\data\maven\org\apache\tomcat\embed\tomcat-embed-core\10.1.15\tomcat-embed-core-10.1.15.jar;d:\data\maven\org\apache\tomcat\embed\tomcat-embed-el\10.1.15\tomcat-embed-el-10.1.15.jar;d:\data\maven\org\apache\tomcat\embed\tomcat-embed-websocket\10.1.15\tomcat-embed-websocket-10.1.15.jar;d:\data\maven\org\springframework\boot\spring-boot-starter-test\3.1.5\spring-boot-starter-test-3.1.5.jar;d:\data\maven\org\springframework\boot\spring-boot-test\3.1.5\spring-boot-test-3.1.5.jar;d:\data\maven\org\springframework\boot\spring-boot-test-autoconfigure\3.1.5\spring-boot-test-autoconfigure-3.1.5.jar;d:\data\maven\com\jayway\jsonpath\json-path\2.8.0\json-path-2.8.0.jar;d:\data\maven\net\minidev\json-smart\2.4.11\json-smart-2.4.11.jar;d:\data\maven\net\minidev\accessors-smart\2.4.11\accessors-smart-2.4.11.jar;d:\data\maven\org\ow2\asm\asm\9.3\asm-9.3.jar;d:\data\maven\org\assertj\assertj-core\3.24.2\assertj-core-3.24.2.jar;d:\data\maven\org\hamcrest\hamcrest\2.2\hamcrest-2.2.jar;d:\data\maven\org\junit\jupiter\junit-jupiter\5.9.3\junit-jupiter-5.9.3.jar;d:\data\maven\org\junit\jupiter\junit-jupiter-api\5.8.2\junit-jupiter-api-5.8.2.jar;d:\data\maven\org\junit\jupiter\junit-jupiter-params\5.9.3\junit-jupiter-params-5.9.3.jar;d:\data\maven\org\junit\jupiter\junit-jupiter-engine\5.8.2\junit-jupiter-engine-5.8.2.jar;d:\data\maven\org\mockito\mockito-junit-jupiter\4.11.0\mockito-junit-jupiter-4.11.0.jar;d:\data\maven\org\skyscreamer\jsonassert\1.5.1\jsonassert-1.5.1.jar;d:\data\maven\com\vaadin\external\google\android-json\0.0.20131108.vaadin1\android-json-0.0.20131108.vaadin1.jar;d:\data\maven\org\springframework\spring-test\6.0.13\spring-test-6.0.13.jar;d:\data\maven\org\xmlunit\xmlunit-core\2.9.1\xmlunit-core-2.9.1.jar;d:\data\maven\org\slf4j\slf4j-api\2.0.9\slf4j-api-2.0.9.jar;d:\data\maven\pl\pragmatists\JUnitParams\1.1.1\JUnitParams-1.1.1.jar;d:\data\maven\junit\junit\4.13.2\junit-4.13.2.jar;d:\data\maven\org\hamcrest\hamcrest-core\1.3\hamcrest-core-1.3.jar;d:\data\maven\org\junit\vintage\junit-vintage-engine\5.8.2\junit-vintage-engine-5.8.2.jar;d:\data\maven\org\junit\platform\junit-platform-engine\1.8.2\junit-platform-engine-1.8.2.jar;d:\data\maven\org\opentest4j\opentest4j\1.2.0\opentest4j-1.2.0.jar;d:\data\maven\org\junit\platform\junit-platform-commons\1.8.2\junit-platform-commons-1.8.2.jar;d:\data\maven\org\apiguardian\apiguardian-api\1.1.2\apiguardian-api-1.1.2.jar;d:\data\maven\net\javacrumbs\json-unit\json-unit-fluent\3.2.2\json-unit-fluent-3.2.2.jar;d:\data\maven\net\javacrumbs\json-unit\json-unit-core\3.2.2\json-unit-core-3.2.2.jar;"/>
    <property name="sun.cpu.endian" value="little"/>
    <property name="user.home" value="C:\Users\raul"/>
    <property name="user.language" value="es"/>
    <property name="java.specification.vendor" value="Oracle Corporation"/>
    <property name="java.version.date" value="2023-08-24"/>
    <property name="java.home" value="J:\Java\eclipse\plugins\org.eclipse.justj.openjdk.hotspot.jre.full.win32.x86_64_17.0.8.v20230831-1047\jre"/>
    <property name="file.separator" value="\"/>
    <property name="style.color" value="always"/>
    <property name="basedir" value="D:\repositorioCCyL_OS\crnk-framework\crnk-setup\crnk-setup-spring-boot2"/>
    <property name="java.vm.compressedOopsMode" value="Zero based"/>
    <property name="line.separator" value="&#10;"/>
    <property name="java.vm.specification.vendor" value="Oracle Corporation"/>
    <property name="java.specification.name" value="Java Platform API Specification"/>
    <property name="surefire.real.class.path" value="C:\Users\raul\AppData\Local\Temp\surefire17423615291419757327\surefirebooter-20231106093430512_3.jar"/>
    <property name="user.script" value=""/>
    <property name="sun.management.compiler" value="HotSpot 64-Bit Tiered Compilers"/>
    <property name="java.runtime.version" value="17.0.8.1+1"/>
    <property name="user.name" value="raul"/>
    <property name="path.separator" value=";"/>
    <property name="os.version" value="10.0"/>
    <property name="java.runtime.name" value="OpenJDK Runtime Environment"/>
    <property name="file.encoding" value="Cp1252"/>
    <property name="java.vm.name" value="OpenJDK 64-Bit Server VM"/>
    <property name="java.vendor.version" value="Temurin-17.0.8.1+1"/>
    <property name="localRepository" value="d:\data\maven"/>
    <property name="java.vendor.url.bug" value="https://github.com/adoptium/adoptium-support/issues"/>
    <property name="java.io.tmpdir" value="C:\Users\raul\AppData\Local\Temp\"/>
    <property name="java.version" value="17.0.8.1"/>
    <property name="user.dir" value="D:\repositorioCCyL_OS\crnk-framework\crnk-setup\crnk-setup-spring-boot2"/>
    <property name="os.arch" value="amd64"/>
    <property name="java.vm.specification.name" value="Java Virtual Machine Specification"/>
    <property name="sun.os.patch.level" value=""/>
    <property name="native.encoding" value="Cp1252"/>
    <property name="java.library.path" value="J:\Java\eclipse\plugins\org.eclipse.justj.openjdk.hotspot.jre.full.win32.x86_64_17.0.8.v20230831-1047\jre\bin;C:\Windows\Sun\Java\bin;C:\Windows\system32;C:\Windows;C:/Java/eclipse//plugins/org.eclipse.justj.openjdk.hotspot.jre.full.win32.x86_64_17.0.8.v20230831-1047/jre/bin/server;C:/Java/eclipse//plugins/org.eclipse.justj.openjdk.hotspot.jre.full.win32.x86_64_17.0.8.v20230831-1047/jre/bin;C:\Program Files (x86)\Common Files\Oracle\Java\javapath;C:\Windows\system32;C:\Windows;C:\Windows\System32\Wbem;C:\Windows\System32\WindowsPowerShell\v1.0\;C:\Windows\System32\OpenSSH\;C:\Program Files\Microsoft VS Code\bin;C:\Program Files\Git\cmd;C:\Program Files\TortoiseGit\bin;C:\Program Files\Calibre2\;C:\Program Files (x86)\Microsoft SQL Server\160\DTS\Binn\;C:\Program Files\Azure Data Studio\bin;C:\Java\apache-maven-3.9.4\bin;C:\Java\jdk-21\bin;C:\Java\node-v20.9.0-win-x64;C:\Users\raul\AppData\Local\Microsoft\WindowsApps;C:\Program Files\Azure Data Studio\bin;;C:\Java\eclipse;;."/>
    <property name="java.vm.info" value="mixed mode"/>
    <property name="java.vendor" value="Eclipse Adoptium"/>
    <property name="java.vm.version" value="17.0.8.1+1"/>
    <property name="sun.io.unicode.encoding" value="UnicodeLittle"/>
    <property name="java.class.version" value="61.0"/>
  </properties>
  <testcase name="checkProperties" classname="io.crnk.spring.app.CrnkCoreAutoConfigurationTest" time="1.109">
    <system-out><![CDATA[Standard Commons Logging discovery in action with spring-jcl: please remove commons-logging.jar from classpath in order to avoid potential conflicts
09:34:35.735 INFO  [           main] [    io.crnk.core.boot.CrnkBoot] crnk initialized: numResources=0, usedModules=[jackson, servlet, spring.exception], securityProviders=[ServletSecurityProvider], pagingBehaviors=[OffsetLimitPagingBehavior], urlMapper=DefaultQuerySpecUrlMapper, serviceDiscovery=SpringServiceDiscovery
]]></system-out>
  </testcase>
</testsuite>